[0.298s] DEBUG:colcon:Command line arguments: ['/usr/bin/colcon', 'list', '-p', '--base-paths', '/home/lorenzociocca/arm_ws/src/mk2_arm/launch']
[0.299s] DEBUG:colcon:Parsed command line arguments: Namespace(log_base=None, log_level=None, verb_name='list', build_base='build', ignore_user_meta=False, metas=['./colcon.meta'], base_paths=['/home/lorenzociocca/arm_ws/src/mk2_arm/launch'], packages_ignore=None, packages_ignore_regex=None, paths=None, packages_up_to=None, packages_up_to_regex=None, packages_above=None, packages_above_and_dependencies=None, packages_above_depth=None, packages_select_by_dep=None, packages_skip_by_dep=None, packages_skip_up_to=None, packages_select_build_failed=False, packages_skip_build_finished=False, packages_select_test_failures=False, packages_skip_test_passed=False, packages_select=None, packages_skip=None, packages_select_regex=None, packages_skip_regex=None, packages_start=None, packages_end=None, allow_overriding=[], topological_order=False, names_only=False, paths_only=True, topological_graph=False, topological_graph_dot=False, topological_graph_density=False, topological_graph_legend=False, topological_graph_dot_cluster=False, topological_graph_dot_include_skipped=False, mixin_files=None, mixin=None, verb_parser=<colcon_mixin.mixin.mixin_argument.MixinArgumentDecorator object at 0xffffbb1a1b40>, verb_extension=<colcon_package_information.verb.list.ListVerb object at 0xffffbb1a0cd0>, main=<bound method ListVerb.main of <colcon_package_information.verb.list.ListVerb object at 0xffffbb1a0cd0>>, mixin_verb=('list',))
[1.379s] Level 1:colcon.colcon_core.package_discovery:discover_packages(colcon_meta) check parameters
[1.380s] Level 1:colcon.colcon_core.package_discovery:discover_packages(recursive) check parameters
[1.380s] Level 1:colcon.colcon_core.package_discovery:discover_packages(ignore) check parameters
[1.380s] Level 1:colcon.colcon_core.package_discovery:discover_packages(path) check parameters
[1.380s] Level 1:colcon.colcon_core.package_discovery:discover_packages(recursive) discover
[1.386s] INFO:colcon.colcon_core.package_discovery:Crawling recursively for packages in '/home/lorenzociocca/arm_ws/src/mk2_arm/launch'
[1.387s] Level 1:colcon.colcon_core.package_identification:_identify(/home/lorenzociocca/arm_ws/src/mk2_arm/launch) by extensions ['ignore', 'ignore_ament_install']
[1.387s] Level 1:colcon.colcon_core.package_identification:_identify(/home/lorenzociocca/arm_ws/src/mk2_arm/launch) by extension 'ignore'
[1.387s] Level 1:colcon.colcon_core.package_identification:_identify(/home/lorenzociocca/arm_ws/src/mk2_arm/launch) by extension 'ignore_ament_install'
[1.387s] Level 1:colcon.colcon_core.package_identification:_identify(/home/lorenzociocca/arm_ws/src/mk2_arm/launch) by extensions ['colcon_pkg']
[1.387s] Level 1:colcon.colcon_core.package_identification:_identify(/home/lorenzociocca/arm_ws/src/mk2_arm/launch) by extension 'colcon_pkg'
[1.387s] Level 1:colcon.colcon_core.package_identification:_identify(/home/lorenzociocca/arm_ws/src/mk2_arm/launch) by extensions ['colcon_meta']
[1.387s] Level 1:colcon.colcon_core.package_identification:_identify(/home/lorenzociocca/arm_ws/src/mk2_arm/launch) by extension 'colcon_meta'
[1.387s] Level 1:colcon.colcon_core.package_identification:_identify(/home/lorenzociocca/arm_ws/src/mk2_arm/launch) by extensions ['ros']
[1.387s] Level 1:colcon.colcon_core.package_identification:_identify(/home/lorenzociocca/arm_ws/src/mk2_arm/launch) by extension 'ros'
[1.412s] Level 1:colcon.colcon_core.package_identification:_identify(/home/lorenzociocca/arm_ws/src/mk2_arm/launch) by extensions ['cmake', 'python']
[1.412s] Level 1:colcon.colcon_core.package_identification:_identify(/home/lorenzociocca/arm_ws/src/mk2_arm/launch) by extension 'cmake'
[1.412s] Level 1:colcon.colcon_core.package_identification:_identify(/home/lorenzociocca/arm_ws/src/mk2_arm/launch) by extension 'python'
[1.412s] Level 1:colcon.colcon_core.package_identification:_identify(/home/lorenzociocca/arm_ws/src/mk2_arm/launch) by extensions ['python_setup_py']
[1.412s] Level 1:colcon.colcon_core.package_identification:_identify(/home/lorenzociocca/arm_ws/src/mk2_arm/launch) by extension 'python_setup_py'
[1.412s] Level 1:colcon.colcon_core.package_identification:_identify(/home/lorenzociocca/arm_ws/src/mk2_arm/launch/log) by extensions ['ignore', 'ignore_ament_install']
[1.412s] Level 1:colcon.colcon_core.package_identification:_identify(/home/lorenzociocca/arm_ws/src/mk2_arm/launch/log) by extension 'ignore'
[1.412s] Level 1:colcon.colcon_core.package_identification:_identify(/home/lorenzociocca/arm_ws/src/mk2_arm/launch/log) ignored
[1.412s] Level 1:colcon.colcon_core.package_discovery:discover_packages(recursive) using defaults
